{
    "@type": "Workflow",
    "triggerLimit": null,
    "name": "Fetch Alerts from SIEM",
    "aliasName": null,
    "tag": null,
    "description": "Fetches alerts by querying to SIEM",
    "isActive": true,
    "debug": false,
    "singleRecordExecution": false,
    "remoteExecutableFlag": false,
    "parameters": [
        "huntStart",
        "huntEnd"
    ],
    "synchronous": false,
    "lastModifyDate": 1644164607,
    "collection": "\/api\/3\/workflow_collections\/35ba77a8-b970-4530-ac9d-b1ddc38ae755",
    "versions": [],
    "triggerStep": "\/api\/3\/workflow_steps\/af55dd63-ba1c-479b-b826-12384c11a18f",
    "steps": [
        {
            "@type": "WorkflowStep",
            "name": "Start",
            "description": null,
            "arguments": {
                "step_variables": {
                    "input": {
                        "params": []
                    }
                }
            },
            "status": null,
            "top": "30",
            "left": "125",
            "stepType": "\/api\/3\/workflow_step_types\/b348f017-9a94-471f-87f8-ce88b6a7ad62",
            "uuid": "af55dd63-ba1c-479b-b826-12384c11a18f",
            "id": 4448
        },
        {
            "@type": "WorkflowStep",
            "name": "Configuration",
            "description": null,
            "arguments": {
                "useMockOutput": "{{globalVars.Demo_mode}}",
                "huntEndDateTime": "{{ arrow.get(vars.input.params.huntEnd).format('YYYY-MM-DDTHH:mm:ss.SSSSSSSSSZ') }}",
                "huntStartDateTime": "{{ arrow.get(vars.input.params.huntStart).format('YYYY-MM-DDTHH:mm:ss.SSSSSSSSSZ') }}"
            },
            "status": null,
            "top": "165",
            "left": "125",
            "stepType": "\/api\/3\/workflow_step_types\/04d0cf46-b6a8-42c4-8683-60a7eaa69e8f",
            "uuid": "8c2522ce-f952-4502-9e74-7e58d40d5c54",
            "id": 4449
        },
        {
            "@type": "WorkflowStep",
            "name": "Step Output",
            "description": null,
            "arguments": {
                "step_output": "{{vars.steps.Query_for_AppInit_DLLs.data.hits.hits | union(vars.steps.Query_for_use_of_attrib_to_hide_files.data.hits.hits) | union(vars.steps.Query_for_Netsh_helper_DLL_registry_key_modification.data.hits.hits)  | union(vars.steps.Query_for_scr_file_executed_outside_of_system32_or_syswow64.data.hits.hits) }}"
            },
            "status": null,
            "top": "1245",
            "left": "125",
            "stepType": "\/api\/3\/workflow_step_types\/04d0cf46-b6a8-42c4-8683-60a7eaa69e8f",
            "uuid": "f71890ff-0e95-415d-bfe9-4a0536110a96",
            "id": 4450
        },
        {
            "@type": "WorkflowStep",
            "name": "Query for AppInit DLLs",
            "description": null,
            "arguments": {
                "name": "ElasticSearch",
                "config": "8d03a01d-1cef-40a8-992a-63d8de2b339f",
                "params": {
                    "index": "logstash-beats-*",
                    "query": "@timestamp:{ {{vars.huntStartDateTime}} TO {{vars.huntEndDateTime}} } AND event_type:sysmon AND (event_id:\"12\" OR event_id:\"13\") AND (event_data.TargetObject.keyword:HKLM\\\\SOFTWARE\\\\Wow6432Node\\\\Microsoft\\\\Windows\\ NT\\\\CurrentVersion\\\\Windows\\\\AppInit_DLLs OR event_data.TargetObject.keyword:HKLM\\\\SOFTWARE\\\\Microsoft\\\\Windows\\ NT\\\\CurrentVersion\\\\Windows\\\\AppInit_DLLs)",
                    "run_as_user": ""
                },
                "version": "2.2.1",
                "connector": "elasticsearch",
                "operation": "execute_lucene_query",
                "mock_result": "{\n    \"data\": {\n      \"hits\": {\n        \"hits\": [\n          {\n            \"_id\": \"CQn5T2oBqSmy6R6gIz2G\",\n            \"_type\": \"doc\",\n            \"_index\": \"logstash-beats-appinitdlls\",\n            \"_score\": 2.575364,\n            \"_source\": {\n              \"beat\": {\n                \"name\": \"admin-PC2\",\n                \"version\": \"6.5.3\",\n                \"hostname\": \"admin-PC2\"\n              },\n              \"tags\": [\n                \"beat\",\n                \"beats_input_codec_plain_applied\"\n              ],\n              \"task\": \"Registry value set (rule: RegistryEvent)\",\n              \"user\": {\n                \"name\": \"SYSTEM\",\n                \"type\": \"User\",\n                \"domain\": \"NT AUTHORITY\",\n                \"identifier\": \"S-1-5-18\"\n              },\n              \"level\": \"Information\",\n              \"opcode\": \"Info\",\n              \"message\": \"Registry value set:\\nRuleName: \\nEventType: SetValue\\nUtcTime: 2019-04-24 15:31:26.951\\nProcessGuid: {BAECEEB0-80DE-5CC0-0000-00109B8A2F18}\\nProcessId: 3008\\nImage: C:\\\\Windows\\\\regedit.exe\\nTargetObject: HKLM\\\\SOFTWARE\\\\Microsoft\\\\Windows NT\\\\CurrentVersion\\\\Windows\\\\AppInit_DLLs\\nDetails: C:\\\\xmimilib.dll,\",\n              \"version\": 2,\n              \"@version\": \"1\",\n              \"event_id\": 13,\n              \"log_name\": \"Microsoft-Windows-Sysmon\/Operational\",\n              \"beat_host\": {\n                \"id\": \"baeceeb0-040c-498f-84c9-610d57bc902d\",\n                \"os\": {\n                  \"build\": \"7601.0\",\n                  \"family\": \"windows\",\n                  \"version\": \"6.1\",\n                  \"platform\": \"windows\"\n                },\n                \"name\": \"admin-PC2\",\n                \"architecture\": \"x86_64\"\n              },\n              \"thread_id\": 1492,\n              \"@timestamp\": \"2019-04-24T15:31:26.967Z\",\n              \"event_data\": {\n                \"Details\": \"C:\\\\xmimilib.dll,\",\n                \"UtcTime\": \"2019-04-24 15:31:26.951\",\n                \"EventType\": \"SetValue\",\n                \"ProcessId\": \"3008\",\n                \"ProcessGuid\": \"{BAECEEB0-80DE-5CC0-0000-00109B8A2F18}\",\n                \"TargetObject\": \"HKLM\\\\SOFTWARE\\\\Microsoft\\\\Windows NT\\\\CurrentVersion\\\\Windows\\\\AppInit_DLLs\"\n              },\n              \"event_type\": \"sysmon\",\n              \"image_path\": \"C:\\\\Windows\\\\regedit.exe\",\n              \"process_id\": 1464,\n              \"source_name\": \"Microsoft-Windows-Sysmon\",\n              \"computer_name\": \"admin-PC2.batman.local\",\n              \"logstash_time\": 0.0008051395416259766,\n              \"provider_guid\": \"{5770385F-C22A-43E0-BF4C-06F5698FFBD9}\",\n              \"record_number\": \"169203\"\n            }\n          },\n          {\n            \"_id\": \"EwkAUGoBqSmy6R6g60gh\",\n            \"_type\": \"doc\",\n            \"_index\": \"logstash-beats-appinitdlls\",\n            \"_score\": 2.575364,\n            \"_source\": {\n              \"beat\": {\n                \"name\": \"admin-PC2\",\n                \"version\": \"6.5.3\",\n                \"hostname\": \"admin-PC2\"\n              },\n              \"tags\": [\n                \"beat\",\n                \"beats_input_codec_plain_applied\"\n              ],\n              \"task\": \"Registry value set (rule: RegistryEvent)\",\n              \"user\": {\n                \"name\": \"SYSTEM\",\n                \"type\": \"User\",\n                \"domain\": \"NT AUTHORITY\",\n                \"identifier\": \"S-1-5-18\"\n              },\n              \"level\": \"Information\",\n              \"opcode\": \"Info\",\n              \"message\": \"Registry value set:\\nRuleName: \\nEventType: SetValue\\nUtcTime: 2019-04-24 16:39:15.864\\nProcessGuid: {BAECEEB0-9124-5CC0-0000-00102A913818}\\nProcessId: 632\\nImage: C:\\\\Windows\\\\regedit.exe\\nTargetObject: HKLM\\\\SOFTWARE\\\\Microsoft\\\\Windows NT\\\\CurrentVersion\\\\Windows\\\\AppInit_DLLs\\nDetails: C:\\\\x2mimilib.dll,\",\n              \"version\": 2,\n              \"@version\": \"1\",\n              \"event_id\": 13,\n              \"log_name\": \"Microsoft-Windows-Sysmon\/Operational\",\n              \"beat_host\": {\n                \"id\": \"baeceeb0-040c-498f-84c9-610d57bc902d\",\n                \"os\": {\n                  \"build\": \"7601.0\",\n                  \"family\": \"windows\",\n                  \"version\": \"6.1\",\n                  \"platform\": \"windows\"\n                },\n                \"name\": \"admin-PC2\",\n                \"architecture\": \"x86_64\"\n              },\n              \"thread_id\": 1492,\n              \"@timestamp\": \"2019-04-24T16:39:15.864Z\",\n              \"event_data\": {\n                \"Details\": \"C:\\\\x2mimilib.dll,\",\n                \"UtcTime\": \"2019-04-24 16:39:15.864\",\n                \"EventType\": \"SetValue\",\n                \"ProcessId\": \"632\",\n                \"ProcessGuid\": \"{BAECEEB0-9124-5CC0-0000-00102A913818}\",\n                \"TargetObject\": \"HKLM\\\\SOFTWARE\\\\Microsoft\\\\Windows NT\\\\CurrentVersion\\\\Windows\\\\AppInit_DLLs\"\n              },\n              \"event_type\": \"sysmon\",\n              \"image_path\": \"C:\\\\Windows\\\\regedit.exe\",\n              \"process_id\": 1464,\n              \"source_name\": \"Microsoft-Windows-Sysmon\",\n              \"computer_name\": \"admin-PC2.batman.local\",\n              \"logstash_time\": 0.0009889602661132812,\n              \"provider_guid\": \"{5770385F-C22A-43E0-BF4C-06F5698FFBD9}\",\n              \"record_number\": \"169212\"\n            }\n          }\n        ],\n        \"total\": {\n          \"value\": 2,\n          \"relation\": \"eq\"\n        },\n        \"max_score\": 2.575364\n      },\n      \"took\": 60,\n      \"_shards\": {\n        \"total\": 95,\n        \"failed\": 0,\n        \"skipped\": 0,\n        \"successful\": 95\n      },\n      \"timed_out\": false\n    },\n    \"status\": \"Success\",\n    \"message\": \"\",\n    \"operation\": null\n  }",
                "operationTitle": "Execute Lucene Query",
                "step_variables": []
            },
            "status": null,
            "top": "300",
            "left": "125",
            "stepType": "\/api\/3\/workflow_step_types\/0bfed618-0316-11e7-93ae-92361f002671",
            "uuid": "b49a9a4b-6459-4799-b44f-3d33f99d548c",
            "id": 4451
        },
        {
            "@type": "WorkflowStep",
            "name": "Query for use of attrib to hide files",
            "description": null,
            "arguments": {
                "name": "ElasticSearch",
                "config": "8d03a01d-1cef-40a8-992a-63d8de2b339f",
                "params": {
                    "index": "logstash-beats-*",
                    "query": "event_type:sysmon AND event_id:\"1\" AND @timestamp:{ {{vars.huntStartDateTime}} TO {{vars.huntEndDateTime}} } AND (image_path:\"C:\\\\Windows\\\\System32\\\\attrib.exe\" OR image_path:\"C:\\\\Windows\\\\SysWOW64\\\\attrib.exe\") AND event_data.CommandLine:\"*+h*\"",
                    "run_as_user": ""
                },
                "version": "2.2.1",
                "connector": "elasticsearch",
                "operation": "execute_lucene_query",
                "mock_result": "{\n    \"data\": {\n      \"hits\": {\n        \"hits\": [\n          {\n            \"_id\": \"N22f4GoBhEY99dtFBQnI\",\n            \"_type\": \"doc\",\n            \"_index\": \"logstash-beats-hiddenfilesanddirectories\",\n            \"_score\": 3.7260926,\n            \"_source\": {\n              \"beat\": {\n                \"name\": \"admin-PC4\",\n                \"version\": \"6.5.3\",\n                \"hostname\": \"admin-PC4\"\n              },\n              \"tags\": [\n                \"beat\",\n                \"beats_input_codec_plain_applied\"\n              ],\n              \"task\": \"Process Create (rule: ProcessCreate)\",\n              \"user\": {\n                \"name\": \"SYSTEM\",\n                \"type\": \"User\",\n                \"domain\": \"NT AUTHORITY\",\n                \"identifier\": \"S-1-5-18\"\n              },\n              \"level\": \"Information\",\n              \"opcode\": \"Info\",\n              \"message\": \"Process Create:\\nRuleName: \\nUtcTime: 2019-05-22 17:38:58.190\\nProcessGuid: {D1BE7B41-8932-5CE5-0000-00109AA19318}\\nProcessId: 3708\\nImage: C:\\\\Windows\\\\System32\\\\attrib.exe\\nFileVersion: 6.1.7600.16385 (win7_rtm.090713-1255)\\nDescription: Attribute Utility\\nProduct: Microsoft\u00ae Windows\u00ae Operating System\\nCompany: Microsoft Corporation\\nCommandLine: attrib  +h mimimarsupials.exe\\nCurrentDirectory: C:\\\\Users\\\\superman\\\\Desktop\\\\\\nUser: batman\\\\superman\\nLogonGuid: {D1BE7B41-D82C-5CC9-0000-00204A087001}\\nLogonId: 0x170084a\\nTerminalSessionId: 1\\nIntegrityLevel: High\\nHashes: MD5=C65C20C89A255517F11DD18B056CADB5,SHA256=F4D77C1928BBA3DC70B3D8E706666EB1C0A268BC3301D9C0B670C332E709BA01\\nParentProcessGuid: {D1BE7B41-8903-5CE5-0000-001031579318}\\nParentProcessId: 2028\\nParentImage: C:\\\\Windows\\\\System32\\\\cmd.exe\\nParentCommandLine: \\\"cmd.exe\\\" \/s \/k pushd \\\"C:\\\\Users\\\\superman\\\\Desktop\\\"\",\n              \"version\": 5,\n              \"@version\": \"1\",\n              \"event_id\": 1,\n              \"log_name\": \"Microsoft-Windows-Sysmon\/Operational\",\n              \"username\": \"batman\\\\superman\",\n              \"beat_host\": {\n                \"id\": \"d1be7b41-2fc5-49e3-9ff1-ec91443d27c3\",\n                \"os\": {\n                  \"build\": \"7601.0\",\n                  \"family\": \"windows\",\n                  \"version\": \"6.1\",\n                  \"platform\": \"windows\"\n                },\n                \"name\": \"admin-PC4\",\n                \"architecture\": \"x86_64\"\n              },\n              \"thread_id\": 1288,\n              \"@timestamp\": \"2019-05-22T17:38:58.221Z\",\n              \"event_data\": {\n                \"Hashes\": \"MD5=C65C20C89A255517F11DD18B056CADB5,SHA256=F4D77C1928BBA3DC70B3D8E706666EB1C0A268BC3301D9C0B670C332E709BA01\",\n                \"Company\": \"Microsoft Corporation\",\n                \"LogonId\": \"0x170084a\",\n                \"Product\": \"Microsoft\u00ae Windows\u00ae Operating System\",\n                \"UtcTime\": \"2019-05-22 17:38:58.190\",\n                \"LogonGuid\": \"{D1BE7B41-D82C-5CC9-0000-00204A087001}\",\n                \"ProcessId\": \"3708\",\n                \"CommandLine\": \"attrib  +h mimimarsupials.exe\",\n                \"Description\": \"Attribute Utility\",\n                \"FileVersion\": \"6.1.7600.16385 (win7_rtm.090713-1255)\",\n                \"ProcessGuid\": \"{D1BE7B41-8932-5CE5-0000-00109AA19318}\",\n                \"IntegrityLevel\": \"High\",\n                \"ParentProcessId\": \"2028\",\n                \"CurrentDirectory\": \"C:\\\\Users\\\\superman\\\\Desktop\\\\\",\n                \"ParentCommandLine\": \"\\\"cmd.exe\\\" \/s \/k pushd \\\"C:\\\\Users\\\\superman\\\\Desktop\\\"\",\n                \"ParentProcessGuid\": \"{D1BE7B41-8903-5CE5-0000-001031579318}\",\n                \"TerminalSessionId\": \"1\"\n              },\n              \"event_type\": \"sysmon\",\n              \"image_path\": \"C:\\\\Windows\\\\System32\\\\attrib.exe\",\n              \"process_id\": 1468,\n              \"source_name\": \"Microsoft-Windows-Sysmon\",\n              \"computer_name\": \"admin-PC4.batman.local\",\n              \"logstash_time\": 0.002141714096069336,\n              \"provider_guid\": \"{5770385F-C22A-43E0-BF4C-06F5698FFBD9}\",\n              \"record_number\": \"367949\",\n              \"parent_image_path\": \"C:\\\\Windows\\\\System32\\\\cmd.exe\"\n            }\n          }\n        ],\n        \"total\": {\n          \"value\": 1,\n          \"relation\": \"eq\"\n        },\n        \"max_score\": 3.7260926\n      },\n      \"took\": 40,\n      \"_shards\": {\n        \"total\": 95,\n        \"failed\": 0,\n        \"skipped\": 0,\n        \"successful\": 95\n      },\n      \"timed_out\": false\n    },\n    \"status\": \"Success\",\n    \"message\": \"\",\n    \"operation\": null\n  }",
                "operationTitle": "Execute Lucene Query",
                "step_variables": []
            },
            "status": null,
            "top": "435",
            "left": "125",
            "stepType": "\/api\/3\/workflow_step_types\/0bfed618-0316-11e7-93ae-92361f002671",
            "uuid": "69fedc2b-6436-4029-8e77-c6b18b87ee52",
            "id": 4452
        },
        {
            "@type": "WorkflowStep",
            "name": "Query for Netsh helper DLL registry key modification",
            "description": null,
            "arguments": {
                "name": "ElasticSearch",
                "config": "8d03a01d-1cef-40a8-992a-63d8de2b339f",
                "params": {
                    "index": "logstash-beats-*",
                    "query": "event_type:sysmon AND (event_id:\"12\" OR event_id:\"13\") AND @timestamp:{ {{vars.huntStartDateTime}} TO {{vars.huntEndDateTime}} } AND event_data.TargetObject:\"HKLM\\\\SOFTWARE\\\\Microsoft\\\\NetSh\\\\*\"",
                    "run_as_user": ""
                },
                "version": "2.2.1",
                "connector": "elasticsearch",
                "operation": "execute_lucene_query",
                "mock_result": "{\n    \"data\": {\n      \"hits\": {\n        \"hits\": [\n          {\n            \"_id\": \"kb4muGsBt8nuALoCum-7\",\n            \"_type\": \"doc\",\n            \"_index\": \"logstash-beats-netshhelperdll\",\n            \"_score\": 3.4384105,\n            \"_source\": {\n              \"beat\": {\n                \"name\": \"admin-PC2\",\n                \"version\": \"6.5.3\",\n                \"hostname\": \"admin-PC2\"\n              },\n              \"tags\": [\n                \"beat\",\n                \"beats_input_codec_plain_applied\"\n              ],\n              \"task\": \"Registry value set (rule: RegistryEvent)\",\n              \"user\": {\n                \"name\": \"SYSTEM\",\n                \"type\": \"User\",\n                \"domain\": \"NT AUTHORITY\",\n                \"identifier\": \"S-1-5-18\"\n              },\n              \"level\": \"Information\",\n              \"opcode\": \"Info\",\n              \"message\": \"Registry value set:\\nRuleName: \\nEventType: SetValue\\nUtcTime: 2019-07-03 14:04:30.887\\nProcessGuid: {BAECEEB0-B2A5-5D1C-0000-0010E4C9A104}\\nProcessId: 1616\\nImage: C:\\\\Windows\\\\regedit.exe\\nTargetObject: HKLM\\\\SOFTWARE\\\\Microsoft\\\\NetSh\\\\scvhosts\\nDetails: C:\\\\MaybeNotACredentialDumper.EXE\",\n              \"version\": 2,\n              \"@version\": \"1\",\n              \"event_id\": 13,\n              \"log_name\": \"Microsoft-Windows-Sysmon\/Operational\",\n              \"beat_host\": {\n                \"id\": \"baeceeb0-040c-498f-84c9-610d57bc902d\",\n                \"os\": {\n                  \"build\": \"7601.0\",\n                  \"family\": \"windows\",\n                  \"version\": \"6.1\",\n                  \"platform\": \"windows\"\n                },\n                \"name\": \"admin-PC2\",\n                \"architecture\": \"x86_64\"\n              },\n              \"thread_id\": 1816,\n              \"@timestamp\": \"2019-07-03T14:04:30.981Z\",\n              \"event_data\": {\n                \"Details\": \"C:\\\\MaybeNotACredentialDumper.EXE\",\n                \"UtcTime\": \"2019-07-03 14:04:30.887\",\n                \"EventType\": \"SetValue\",\n                \"ProcessId\": \"1616\",\n                \"ProcessGuid\": \"{BAECEEB0-B2A5-5D1C-0000-0010E4C9A104}\",\n                \"TargetObject\": \"HKLM\\\\SOFTWARE\\\\Microsoft\\\\NetSh\\\\scvhosts\"\n              },\n              \"event_type\": \"sysmon\",\n              \"image_path\": \"C:\\\\Windows\\\\regedit.exe\",\n              \"process_id\": 1460,\n              \"source_name\": \"Microsoft-Windows-Sysmon\",\n              \"computer_name\": \"admin-PC2.batman.local\",\n              \"logstash_time\": 0.13560795783996582,\n              \"provider_guid\": \"{5770385F-C22A-43E0-BF4C-06F5698FFBD9}\",\n              \"record_number\": \"189637\"\n            }\n          }\n        ],\n        \"total\": {\n          \"value\": 1,\n          \"relation\": \"eq\"\n        },\n        \"max_score\": 3.4384105\n      },\n      \"took\": 58,\n      \"_shards\": {\n        \"total\": 95,\n        \"failed\": 0,\n        \"skipped\": 0,\n        \"successful\": 95\n      },\n      \"timed_out\": false\n    },\n    \"status\": \"Success\",\n    \"message\": \"\",\n    \"operation\": null\n  }",
                "operationTitle": "Execute Lucene Query",
                "step_variables": []
            },
            "status": null,
            "top": "570",
            "left": "125",
            "stepType": "\/api\/3\/workflow_step_types\/0bfed618-0316-11e7-93ae-92361f002671",
            "uuid": "d2a031bd-6588-446f-b663-6a7823c81caa",
            "id": 4453
        },
        {
            "@type": "WorkflowStep",
            "name": "Query for processes spawned by Netsh",
            "description": null,
            "arguments": {
                "name": "ElasticSearch",
                "config": "8d03a01d-1cef-40a8-992a-63d8de2b339f",
                "params": {
                    "index": "logstash-beats-*",
                    "query": "event_type:sysmon AND event_id:\"1\" AND @timestamp:{ {{vars.huntStartDateTime}} TO {{vars.huntEndDateTime}} } AND (parent_image_path:\"C:\\\\Windows\\\\SysWOW64\\\\netsh.exe\" OR parent_image_path:\"C:\\\\Windows\\\\System32\\\\netsh.exe\")",
                    "run_as_user": ""
                },
                "version": "2.2.1",
                "connector": "elasticsearch",
                "operation": "execute_lucene_query",
                "mock_result": "{\n    \"data\": {\n      \"hits\": {\n        \"hits\": [],\n        \"total\": {\n          \"value\": 0,\n          \"relation\": \"eq\"\n        },\n        \"max_score\": null\n      },\n      \"took\": 47,\n      \"_shards\": {\n        \"total\": 95,\n        \"failed\": 0,\n        \"skipped\": 0,\n        \"successful\": 95\n      },\n      \"timed_out\": false\n    },\n    \"status\": \"Success\",\n    \"message\": \"\",\n    \"operation\": null\n  }",
                "operationTitle": "Execute Lucene Query",
                "step_variables": []
            },
            "status": null,
            "top": "705",
            "left": "125",
            "stepType": "\/api\/3\/workflow_step_types\/0bfed618-0316-11e7-93ae-92361f002671",
            "uuid": "899f0274-94c9-4226-bfcd-a5eb45191691",
            "id": 4454
        },
        {
            "@type": "WorkflowStep",
            "name": "Query for modification of scrnsave_exe registry key using powershell",
            "description": null,
            "arguments": {
                "name": "ElasticSearch",
                "config": "8d03a01d-1cef-40a8-992a-63d8de2b339f",
                "params": {
                    "index": "logstash-beats-*",
                    "query": "event_type:sysmon AND event_id:\"1\" AND @timestamp:{ {{vars.huntStartDateTime}} TO {{vars.huntEndDateTime}} } AND event_data.CommandLine:*New-ItemProperty*-Path*\\\"HKCU\\:\\\\Control\\ Panel\\\\Desktop\\\"\\ -Name\\ \\\"SCRNSAVE.EXE\\\"*",
                    "run_as_user": ""
                },
                "version": "2.2.1",
                "connector": "elasticsearch",
                "operation": "execute_lucene_query",
                "mock_result": "{\n  \"data\": {\n    \"hits\": {\n      \"hits\": [],\n      \"total\": {\n        \"value\": 0,\n        \"relation\": \"eq\"\n      },\n      \"max_score\": null\n    },\n    \"took\": 4955,\n    \"_shards\": {\n      \"total\": 95,\n      \"failed\": 0,\n      \"skipped\": 0,\n      \"successful\": 95\n    },\n    \"timed_out\": false\n  },\n  \"status\": \"Success\",\n  \"message\": \"\",\n  \"operation\": null\n}",
                "operationTitle": "Execute Lucene Query",
                "step_variables": []
            },
            "status": null,
            "top": "840",
            "left": "125",
            "stepType": "\/api\/3\/workflow_step_types\/0bfed618-0316-11e7-93ae-92361f002671",
            "uuid": "3266ea3a-bd95-4a53-8aea-81406678202c",
            "id": 4455
        },
        {
            "@type": "WorkflowStep",
            "name": "Query for modification of scrnsave_exe registry key using reg_exe",
            "description": null,
            "arguments": {
                "name": "ElasticSearch",
                "config": "8d03a01d-1cef-40a8-992a-63d8de2b339f",
                "params": {
                    "index": "logstash-beats-*",
                    "query": "event_type:sysmon AND event_id:\"1\" AND @timestamp:{ {{vars.elasticHuntStart}} TO {{vars.elasticHuntEnd}} } AND (image_path:C\\:\\\\Windows\\\\SysWOW64\\\\reg.exe OR image_path:C\\:\\\\Windows\\\\System32\\\\reg.exe) AND (image_path:C\\:\\\\Windows\\\\SysWOW64\\\\reg.exe OR image_path:C\\:\\\\Windows\\\\System32\\\\reg.exe) AND event_data.CommandLine:reg*add\\ \\\"HK*\\\\Control\\ Panel*\\\\Desktop\\\"\\ \\\/v*\"SCRNSAVE.EXE\"*",
                    "run_as_user": ""
                },
                "version": "2.2.1",
                "connector": "elasticsearch",
                "operation": "execute_lucene_query",
                "mock_result": "{\n  \"data\": {\n    \"hits\": {\n      \"hits\": [],\n      \"total\": {\n        \"value\": 0,\n        \"relation\": \"eq\"\n      },\n      \"max_score\": null\n    },\n    \"took\": 3776,\n    \"_shards\": {\n      \"total\": 95,\n      \"failed\": 0,\n      \"skipped\": 0,\n      \"successful\": 95\n    },\n    \"timed_out\": false\n  },\n  \"status\": \"Success\",\n  \"message\": \"\",\n  \"operation\": null\n}",
                "operationTitle": "Execute Lucene Query",
                "step_variables": []
            },
            "status": null,
            "top": "975",
            "left": "125",
            "stepType": "\/api\/3\/workflow_step_types\/0bfed618-0316-11e7-93ae-92361f002671",
            "uuid": "61dfca23-49c8-43c8-96a8-c508e6b58740",
            "id": 4456
        },
        {
            "@type": "WorkflowStep",
            "name": "Query for scr file executed outside of system32 or syswow64",
            "description": null,
            "arguments": {
                "name": "ElasticSearch",
                "config": "8d03a01d-1cef-40a8-992a-63d8de2b339f",
                "params": {
                    "index": "logstash-beats-*",
                    "query": "event_type:sysmon AND event_id:\"1\" AND @timestamp:{ {{vars.elasticHuntStart}} TO {{vars.elasticHuntEnd}} } AND image_path:\"*.scr\" NOT(image_path:\"C:\\\\Windows\\\\System32\\\\*\" OR image_path:\"C:\\\\Windows\\\\SysWOW64\\\\*\")",
                    "run_as_user": ""
                },
                "version": "2.2.1",
                "connector": "elasticsearch",
                "operation": "execute_lucene_query",
                "mock_result": "{\n    \"data\": {\n      \"hits\": {\n        \"hits\": [\n          {\n            \"_id\": \"weOluGsBiKk7UqmIGjOt\",\n            \"_type\": \"doc\",\n            \"_index\": \"logstash-beats-sid_history_injection\",\n            \"_score\": 2.575364,\n            \"_source\": {\n              \"beat\": {\n                \"name\": \"win7-host1-PC\",\n                \"version\": \"6.5.3\",\n                \"hostname\": \"win7-host1-PC\"\n              },\n              \"tags\": [\n                \"beat\",\n                \"beats_input_codec_plain_applied\"\n              ],\n              \"task\": \"Process Create (rule: ProcessCreate)\",\n              \"user\": {\n                \"name\": \"SYSTEM\",\n                \"type\": \"User\",\n                \"domain\": \"NT AUTHORITY\",\n                \"identifier\": \"S-1-5-18\"\n              },\n              \"level\": \"Information\",\n              \"opcode\": \"Info\",\n              \"message\": \"Process Create:\\nRuleName: \\nUtcTime: 2019-07-03 16:22:34.466\\nProcessGuid: {DA929735-D64A-5D1C-0000-0010B5B81A00}\\nProcessId: 3236\\nImage: C:\\\\Users\\\\superman\\\\Desktop\\\\invoice-156784.scr\\nFileVersion: 2.1.1.0\\nDescription: mimikatz for Windows\\nProduct: mimikatz\\nCompany: gentilkiwi (Benjamin DELPY)\\nOriginalFileName: mimikatz.exe\\nCommandLine: invoice-156784.scr  \\\"misc::addsid \/sam:superman \/new:Builtin\\\\administrators\\\"\\nCurrentDirectory: C:\\\\Users\\\\superman\\\\Desktop\\\\\\nUser: batman\\\\superman\\nLogonGuid: {DA929735-CD18-5D1C-0000-002019FE0700}\\nLogonId: 0x7fe19\\nTerminalSessionId: 1\\nIntegrityLevel: High\\nHashes: MD5=332A5371389A8953A96BF09B69EDCB6E,SHA256=E46BA4BDD4168A399EE5BC2161A8C918095FA30EB20AC88CAC6AB1D6DBEA2B4A\\nParentProcessGuid: {DA929735-D5DC-5D1C-0000-00103B251A00}\\nParentProcessId: 756\\nParentImage: C:\\\\Windows\\\\System32\\\\cmd.exe\\nParentCommandLine: \\\"cmd.exe\\\" \/s \/k pushd \\\"C:\\\\Users\\\\superman\\\\Desktop\\\"\",\n              \"version\": 5,\n              \"@version\": \"1\",\n              \"event_id\": 1,\n              \"log_name\": \"Microsoft-Windows-Sysmon\/Operational\",\n              \"username\": \"batman\\\\superman\",\n              \"beat_host\": {\n                \"id\": \"da929735-a8f9-4b38-8348-7664a570a0a2\",\n                \"os\": {\n                  \"build\": \"7601.24356\",\n                  \"family\": \"windows\",\n                  \"version\": \"6.1\",\n                  \"platform\": \"windows\"\n                },\n                \"name\": \"win7-host1-PC\",\n                \"architecture\": \"x86_64\"\n              },\n              \"thread_id\": 1412,\n              \"@timestamp\": \"2019-07-03T16:22:34.560Z\",\n              \"event_data\": {\n                \"Hashes\": \"MD5=332A5371389A8953A96BF09B69EDCB6E,SHA256=E46BA4BDD4168A399EE5BC2161A8C918095FA30EB20AC88CAC6AB1D6DBEA2B4A\",\n                \"Company\": \"gentilkiwi (Benjamin DELPY)\",\n                \"LogonId\": \"0x7fe19\",\n                \"Product\": \"mimikatz\",\n                \"UtcTime\": \"2019-07-03 16:22:34.466\",\n                \"LogonGuid\": \"{DA929735-CD18-5D1C-0000-002019FE0700}\",\n                \"ProcessId\": \"3236\",\n                \"CommandLine\": \"invoice-156784.scr  \\\"misc::addsid \/sam:superman \/new:Builtin\\\\administrators\\\"\",\n                \"Description\": \"mimikatz for Windows\",\n                \"FileVersion\": \"2.1.1.0\",\n                \"ProcessGuid\": \"{DA929735-D64A-5D1C-0000-0010B5B81A00}\",\n                \"IntegrityLevel\": \"High\",\n                \"ParentProcessId\": \"756\",\n                \"CurrentDirectory\": \"C:\\\\Users\\\\superman\\\\Desktop\\\\\",\n                \"OriginalFileName\": \"mimikatz.exe\",\n                \"ParentCommandLine\": \"\\\"cmd.exe\\\" \/s \/k pushd \\\"C:\\\\Users\\\\superman\\\\Desktop\\\"\",\n                \"ParentProcessGuid\": \"{DA929735-D5DC-5D1C-0000-00103B251A00}\",\n                \"TerminalSessionId\": \"1\"\n              },\n              \"event_type\": \"sysmon\",\n              \"image_path\": \"C:\\\\Users\\\\superman\\\\Desktop\\\\invoice-156784.scr\",\n              \"process_id\": 1424,\n              \"source_name\": \"Microsoft-Windows-Sysmon\",\n              \"computer_name\": \"win7-host1-PC.batman.local\",\n              \"logstash_time\": 0.000885009765625,\n              \"provider_guid\": \"{5770385F-C22A-43E0-BF4C-06F5698FFBD9}\",\n              \"record_number\": \"1985088\",\n              \"parent_image_path\": \"C:\\\\Windows\\\\System32\\\\cmd.exe\"\n            }\n          },\n          {\n            \"_id\": \"NeOluGsBiKk7UqmI7jYg\",\n            \"_type\": \"doc\",\n            \"_index\": \"logstash-beats-sid_history_injection\",\n            \"_score\": 2.575364,\n            \"_source\": {\n              \"beat\": {\n                \"name\": \"win7-host1-PC\",\n                \"version\": \"6.5.3\",\n                \"hostname\": \"win7-host1-PC\"\n              },\n              \"tags\": [\n                \"beat\",\n                \"beats_input_codec_plain_applied\"\n              ],\n              \"task\": \"Process Create (rule: ProcessCreate)\",\n              \"user\": {\n                \"name\": \"SYSTEM\",\n                \"type\": \"User\",\n                \"domain\": \"NT AUTHORITY\",\n                \"identifier\": \"S-1-5-18\"\n              },\n              \"level\": \"Information\",\n              \"opcode\": \"Info\",\n              \"message\": \"Process Create:\\nRuleName: \\nUtcTime: 2019-07-03 16:23:27.080\\nProcessGuid: {DA929735-D67F-5D1C-0000-0010492C1B00}\\nProcessId: 3832\\nImage: C:\\\\Users\\\\superman\\\\Desktop\\\\invoice-156784.scr\\nFileVersion: 2.1.1.0\\nDescription: mimikatz for Windows\\nProduct: mimikatz\\nCompany: gentilkiwi (Benjamin DELPY)\\nOriginalFileName: mimikatz.exe\\nCommandLine: invoice-156784.scr  \\\"sid::add \/sam:Superman \/new:Builtin\\\\administrators\\\"\\nCurrentDirectory: C:\\\\Users\\\\superman\\\\Desktop\\\\\\nUser: batman\\\\superman\\nLogonGuid: {DA929735-CD18-5D1C-0000-002019FE0700}\\nLogonId: 0x7fe19\\nTerminalSessionId: 1\\nIntegrityLevel: High\\nHashes: MD5=332A5371389A8953A96BF09B69EDCB6E,SHA256=E46BA4BDD4168A399EE5BC2161A8C918095FA30EB20AC88CAC6AB1D6DBEA2B4A\\nParentProcessGuid: {DA929735-D65B-5D1C-0000-001067EA1A00}\\nParentProcessId: 3932\\nParentImage: C:\\\\Windows\\\\System32\\\\cmd.exe\\nParentCommandLine: \\\"cmd.exe\\\" \/s \/k pushd \\\"C:\\\\Users\\\\superman\\\\Desktop\\\"\",\n              \"version\": 5,\n              \"@version\": \"1\",\n              \"event_id\": 1,\n              \"log_name\": \"Microsoft-Windows-Sysmon\/Operational\",\n              \"username\": \"batman\\\\superman\",\n              \"beat_host\": {\n                \"id\": \"da929735-a8f9-4b38-8348-7664a570a0a2\",\n                \"os\": {\n                  \"build\": \"7601.24356\",\n                  \"family\": \"windows\",\n                  \"version\": \"6.1\",\n                  \"platform\": \"windows\"\n                },\n                \"name\": \"win7-host1-PC\",\n                \"architecture\": \"x86_64\"\n              },\n              \"thread_id\": 1412,\n              \"@timestamp\": \"2019-07-03T16:23:27.159Z\",\n              \"event_data\": {\n                \"Hashes\": \"MD5=332A5371389A8953A96BF09B69EDCB6E,SHA256=E46BA4BDD4168A399EE5BC2161A8C918095FA30EB20AC88CAC6AB1D6DBEA2B4A\",\n                \"Company\": \"gentilkiwi (Benjamin DELPY)\",\n                \"LogonId\": \"0x7fe19\",\n                \"Product\": \"mimikatz\",\n                \"UtcTime\": \"2019-07-03 16:23:27.080\",\n                \"LogonGuid\": \"{DA929735-CD18-5D1C-0000-002019FE0700}\",\n                \"ProcessId\": \"3832\",\n                \"CommandLine\": \"invoice-156784.scr  \\\"sid::add \/sam:Superman \/new:Builtin\\\\administrators\\\"\",\n                \"Description\": \"mimikatz for Windows\",\n                \"FileVersion\": \"2.1.1.0\",\n                \"ProcessGuid\": \"{DA929735-D67F-5D1C-0000-0010492C1B00}\",\n                \"IntegrityLevel\": \"High\",\n                \"ParentProcessId\": \"3932\",\n                \"CurrentDirectory\": \"C:\\\\Users\\\\superman\\\\Desktop\\\\\",\n                \"OriginalFileName\": \"mimikatz.exe\",\n                \"ParentCommandLine\": \"\\\"cmd.exe\\\" \/s \/k pushd \\\"C:\\\\Users\\\\superman\\\\Desktop\\\"\",\n                \"ParentProcessGuid\": \"{DA929735-D65B-5D1C-0000-001067EA1A00}\",\n                \"TerminalSessionId\": \"1\"\n              },\n              \"event_type\": \"sysmon\",\n              \"image_path\": \"C:\\\\Users\\\\superman\\\\Desktop\\\\invoice-156784.scr\",\n              \"process_id\": 1424,\n              \"source_name\": \"Microsoft-Windows-Sysmon\",\n              \"computer_name\": \"win7-host1-PC.batman.local\",\n              \"logstash_time\": 0.005793094635009766,\n              \"provider_guid\": \"{5770385F-C22A-43E0-BF4C-06F5698FFBD9}\",\n              \"record_number\": \"1985149\",\n              \"parent_image_path\": \"C:\\\\Windows\\\\System32\\\\cmd.exe\"\n            }\n          },\n          {\n            \"_id\": \"H74TuGsBt8nuALoCAkRs\",\n            \"_type\": \"doc\",\n            \"_index\": \"logstash-beats-screensaver\",\n            \"_score\": 2.364643,\n            \"_source\": {\n              \"beat\": {\n                \"name\": \"admin-PC4\",\n                \"version\": \"6.5.3\",\n                \"hostname\": \"admin-PC4\"\n              },\n              \"tags\": [\n                \"beat\",\n                \"beats_input_codec_plain_applied\"\n              ],\n              \"task\": \"Process Create (rule: ProcessCreate)\",\n              \"user\": {\n                \"name\": \"SYSTEM\",\n                \"type\": \"User\",\n                \"domain\": \"NT AUTHORITY\",\n                \"identifier\": \"S-1-5-18\"\n              },\n              \"level\": \"Information\",\n              \"opcode\": \"Info\",\n              \"message\": \"Process Create:\\nRuleName: \\nUtcTime: 2019-07-03 13:42:59.600\\nProcessGuid: {D1BE7B41-0000-0000-0000-0010F8C4E70F}\\nProcessId: 428\\nImage: C:\\\\Users\\\\superman\\\\Desktop\\\\invoice-185637.scr\\nFileVersion: 2.1.1.0\\nDescription: mimikatz for Windows\\nProduct: mimikatz\\nCompany: gentilkiwi (Benjamin DELPY)\\nOriginalFileName: mimikatz.exe\\nCommandLine: \\\"C:\\\\Users\\\\superman\\\\Desktop\\\\invoice-185637.scr\\\" \/S\\nCurrentDirectory: C:\\\\Users\\\\superman\\\\Desktop\\\\\\nUser: batman\\\\superman\\nLogonGuid: {D1BE7B41-0000-0000-0000-0020C9B70500}\\nLogonId: 0x5b7c9\\nTerminalSessionId: 1\\nIntegrityLevel: High\\nHashes: MD5=332A5371389A8953A96BF09B69EDCB6E,SHA256=E46BA4BDD4168A399EE5BC2161A8C918095FA30EB20AC88CAC6AB1D6DBEA2B4A\\nParentProcessGuid: {D1BE7B41-0000-0000-0000-00102E680800}\\nParentProcessId: 3216\\nParentImage: C:\\\\Windows\\\\explorer.exe\\nParentCommandLine: C:\\\\Windows\\\\Explorer.EXE\",\n              \"version\": 5,\n              \"@version\": \"1\",\n              \"event_id\": 1,\n              \"log_name\": \"Microsoft-Windows-Sysmon\/Operational\",\n              \"username\": \"batman\\\\superman\",\n              \"beat_host\": {\n                \"id\": \"d1be7b41-2fc5-49e3-9ff1-ec91443d27c3\",\n                \"os\": {\n                  \"build\": \"7601.0\",\n                  \"family\": \"windows\",\n                  \"version\": \"6.1\",\n                  \"platform\": \"windows\"\n                },\n                \"name\": \"admin-PC4\",\n                \"architecture\": \"x86_64\"\n              },\n              \"thread_id\": 2116,\n              \"@timestamp\": \"2019-07-03T13:42:59.694Z\",\n              \"event_data\": {\n                \"Hashes\": \"MD5=332A5371389A8953A96BF09B69EDCB6E,SHA256=E46BA4BDD4168A399EE5BC2161A8C918095FA30EB20AC88CAC6AB1D6DBEA2B4A\",\n                \"Company\": \"gentilkiwi (Benjamin DELPY)\",\n                \"LogonId\": \"0x5b7c9\",\n                \"Product\": \"mimikatz\",\n                \"UtcTime\": \"2019-07-03 13:42:59.600\",\n                \"LogonGuid\": \"{D1BE7B41-0000-0000-0000-0020C9B70500}\",\n                \"ProcessId\": \"428\",\n                \"CommandLine\": \"\\\"C:\\\\Users\\\\superman\\\\Desktop\\\\invoice-185637.scr\\\" \/S\",\n                \"Description\": \"mimikatz for Windows\",\n                \"FileVersion\": \"2.1.1.0\",\n                \"ProcessGuid\": \"{D1BE7B41-0000-0000-0000-0010F8C4E70F}\",\n                \"IntegrityLevel\": \"High\",\n                \"ParentProcessId\": \"3216\",\n                \"CurrentDirectory\": \"C:\\\\Users\\\\superman\\\\Desktop\\\\\",\n                \"OriginalFileName\": \"mimikatz.exe\",\n                \"ParentCommandLine\": \"C:\\\\Windows\\\\Explorer.EXE\",\n                \"ParentProcessGuid\": \"{D1BE7B41-0000-0000-0000-00102E680800}\",\n                \"TerminalSessionId\": \"1\"\n              },\n              \"event_type\": \"sysmon\",\n              \"image_path\": \"C:\\\\Users\\\\superman\\\\Desktop\\\\invoice-185637.scr\",\n              \"process_id\": 1408,\n              \"source_name\": \"Microsoft-Windows-Sysmon\",\n              \"computer_name\": \"admin-PC4.batman.local\",\n              \"logstash_time\": 0.03190493583679199,\n              \"provider_guid\": \"{5770385F-C22A-43E0-BF4C-06F5698FFBD9}\",\n              \"record_number\": \"534544\",\n              \"parent_image_path\": \"C:\\\\Windows\\\\explorer.exe\"\n            }\n          },\n          {\n            \"_id\": \"Eb4luGsBt8nuALoC726Q\",\n            \"_type\": \"doc\",\n            \"_index\": \"logstash-beats-screensaver\",\n            \"_score\": 2.364643,\n            \"_source\": {\n              \"beat\": {\n                \"name\": \"win7-host1-PC\",\n                \"version\": \"6.5.3\",\n                \"hostname\": \"win7-host1-PC\"\n              },\n              \"tags\": [\n                \"beat\",\n                \"beats_input_codec_plain_applied\"\n              ],\n              \"task\": \"Process Create (rule: ProcessCreate)\",\n              \"user\": {\n                \"name\": \"SYSTEM\",\n                \"type\": \"User\",\n                \"domain\": \"NT AUTHORITY\",\n                \"identifier\": \"S-1-5-18\"\n              },\n              \"level\": \"Information\",\n              \"opcode\": \"Info\",\n              \"message\": \"Process Create:\\nRuleName: \\nUtcTime: 2019-07-03 14:03:40.047\\nProcessGuid: {DA929735-B5BC-5D1C-0000-0010AB301118}\\nProcessId: 2704\\nImage: C:\\\\Users\\\\superman\\\\Desktop\\\\invoice-156783.scr\\nFileVersion: 2.1.1.0\\nDescription: mimikatz for Windows\\nProduct: mimikatz\\nCompany: gentilkiwi (Benjamin DELPY)\\nOriginalFileName: mimikatz.exe\\nCommandLine: \\\"C:\\\\Users\\\\superman\\\\Desktop\\\\invoice-156783.scr\\\" \/S\\nCurrentDirectory: C:\\\\Users\\\\superman\\\\Desktop\\\\\\nUser: batman\\\\superman\\nLogonGuid: {DA929735-A7BD-5D0B-0000-002046760300}\\nLogonId: 0x37646\\nTerminalSessionId: 1\\nIntegrityLevel: High\\nHashes: MD5=332A5371389A8953A96BF09B69EDCB6E,SHA256=E46BA4BDD4168A399EE5BC2161A8C918095FA30EB20AC88CAC6AB1D6DBEA2B4A\\nParentProcessGuid: {DA929735-A7D1-5D0B-0000-00108BFE0500}\\nParentProcessId: 2256\\nParentImage: C:\\\\Windows\\\\explorer.exe\\nParentCommandLine: C:\\\\Windows\\\\Explorer.EXE\",\n              \"version\": 5,\n              \"@version\": \"1\",\n              \"event_id\": 1,\n              \"log_name\": \"Microsoft-Windows-Sysmon\/Operational\",\n              \"username\": \"batman\\\\superman\",\n              \"beat_host\": {\n                \"id\": \"da929735-a8f9-4b38-8348-7664a570a0a2\",\n                \"os\": {\n                  \"build\": \"7601.24356\",\n                  \"family\": \"windows\",\n                  \"version\": \"6.1\",\n                  \"platform\": \"windows\"\n                },\n                \"name\": \"win7-host1-PC\",\n                \"architecture\": \"x86_64\"\n              },\n              \"thread_id\": 1824,\n              \"@timestamp\": \"2019-07-03T14:03:40.131Z\",\n              \"event_data\": {\n                \"Hashes\": \"MD5=332A5371389A8953A96BF09B69EDCB6E,SHA256=E46BA4BDD4168A399EE5BC2161A8C918095FA30EB20AC88CAC6AB1D6DBEA2B4A\",\n                \"Company\": \"gentilkiwi (Benjamin DELPY)\",\n                \"LogonId\": \"0x37646\",\n                \"Product\": \"mimikatz\",\n                \"UtcTime\": \"2019-07-03 14:03:40.047\",\n                \"LogonGuid\": \"{DA929735-A7BD-5D0B-0000-002046760300}\",\n                \"ProcessId\": \"2704\",\n                \"CommandLine\": \"\\\"C:\\\\Users\\\\superman\\\\Desktop\\\\invoice-156783.scr\\\" \/S\",\n                \"Description\": \"mimikatz for Windows\",\n                \"FileVersion\": \"2.1.1.0\",\n                \"ProcessGuid\": \"{DA929735-B5BC-5D1C-0000-0010AB301118}\",\n                \"IntegrityLevel\": \"High\",\n                \"ParentProcessId\": \"2256\",\n                \"CurrentDirectory\": \"C:\\\\Users\\\\superman\\\\Desktop\\\\\",\n                \"OriginalFileName\": \"mimikatz.exe\",\n                \"ParentCommandLine\": \"C:\\\\Windows\\\\Explorer.EXE\",\n                \"ParentProcessGuid\": \"{DA929735-A7D1-5D0B-0000-00108BFE0500}\",\n                \"TerminalSessionId\": \"1\"\n              },\n              \"event_type\": \"sysmon\",\n              \"image_path\": \"C:\\\\Users\\\\superman\\\\Desktop\\\\invoice-156783.scr\",\n              \"process_id\": 1408,\n              \"source_name\": \"Microsoft-Windows-Sysmon\",\n              \"computer_name\": \"win7-host1-PC.batman.local\",\n              \"logstash_time\": 0.0017659664154052734,\n              \"provider_guid\": \"{5770385F-C22A-43E0-BF4C-06F5698FFBD9}\",\n              \